"blank"						"=========================="
"blank"						"#Valve_Movement_Title"
"blank"						"=========================="
"+forward"						"#Valve_Move_Forward"
"+back"							"#Valve_Move_Back"
"+moveleft"						"#Valve_Move_Left"
"+moveright"					"#Valve_Move_Right"
"+jump"							"#Valve_Jump"
"+duck"							"#Valve_Duck"
"blank"						"=========================="
"blank"						"#Valve_Communication_Title"
"blank"						"=========================="
"+attack3"						"#P4SS_Pass_To_Me_Key"
"+helpme"						"#Keybind_Call_For_Help"
"+voicerecord"					"#Valve_Use_Voice_Communication"
"say"							"#Valve_Chat_Message"
"say_team"						"#Keybind_Team_Message"
"voice_menu_1"					"#TF_Voice_Menu_A"
"voice_menu_2"					"#TF_Voice_Menu_B"
"voice_menu_3"					"#TF_Voice_Menu_C"
"impulse201"					"#Valve_Spray_Logo"
"blank"						"=========================="
"blank"						"#TF_Title"
"blank"						"=========================="
"resupply"						"#Keybind_Instant_Resupply"
"changeclass"					"#Valve_Change_Class"
"changeteam"					"#Valve_Change_Team"
"open_charinfo_direct"			"#TF_Open_Charinfo"
"open_charinfo_backpack"		"#TF_Open_Charinfo_Backpack"
"+quickswitch"					"#TF_Quickswitch"
"load_itempreset0"				"#TF_LoadPreset0"
"load_itempreset1"				"#TF_LoadPreset1"
"load_itempreset2"				"#TF_LoadPreset2"
"load_itempreset3"				"#TF_LoadPreset3"
"+taunt"						"#TF_Taunt"
"+use_action_slot_item"			"#TF_Action"
"showmapinfo"					"#TF_MapInfo"
"+inspect"						"#Keybind_Inspect"
"callvote"						"#TF_call_vote"
"player_ready_toggle"			"#TF_Player_ReadyToggle"
"blank"						"=========================="
"blank"						"#TF_ClassSpecific_Keys"
"blank"						"=========================="
"+attack2"						"#TF_ClassSkill_Demoman"
"+attack2"						"#TF_ClassSkill_Medic"
"+reload"						"#Keybind_Vaccinator"
"blank"						"=========================="
"blank"						"#Valve_Combat_Title"
"blank"						"=========================="
"+attack"						"#Keybind_Primary_Attack"
"+attack2"						"#Keybind_Secondary_Attack"
"+reload"						"#Valve_Reload_Weapon"
"invprev"						"#Valve_Previous_Weapon"
"invnext"						"#Valve_Next_Weapon"
"lastinv"						"#Valve_Last_Weapon_Used"
"slot1"							"#Valve_Weapon_Category_1"
"slot2"							"#Valve_Weapon_Category_2"
"slot3"							"#Valve_Weapon_Category_3"
"slot4"							"#Valve_Weapon_Category_4"
"slot5"							"#Valve_Weapon_Category_5"
"slot6"							"#Valve_Weapon_Category_6"
"slot7"							"#Valve_Weapon_Category_7"
"slot8"							"#Valve_Weapon_Category_8"
"slot9"							"#Valve_Weapon_Category_9"
"slot10"						"#Valve_Weapon_Category_0"
"blank"						"=========================="
"blank"						"#Valve_Miscellaneous_Title"
"blank"						"=========================="
"+showscores"					"#Keybind_Display_Scores"
"screenshot"					"#Valve_Take_Screen_Shot"
"save_replay"					"#Replay_SaveReplay"
"quit"							"#Valve_Quit_Game"
"toggleconsole"					"#Valve_Console_Toggle"
"cl_trigger_first_notification"	"#TF_Notification_Trigger"
"cl_decline_first_notification"	"#TF_Notification_Decline"
"incrementvar sv_cheats 0 1 1"	"#Keybind_Cheats_Toggle"
